2020-06-14 00:00:01 835 [INPUT] - e4d01502-ada3-11ea-9463-ac1904700000 - <SOAP_Domain_Msg xmlns:soapenv="http://schemas.xmlsoap.org/soap/envelope/"><Context operation="SWIOrderUpsert" operationType="REQUEST_RESPONSE" portType="SWIOrderUpsert" portTypeNamespace="http://siebel.com/asi" port="SWIOrderUpsert" service="SWIOrderUpsert" fileName="SWIOrderUpsert_1.wsdl"><SOAP_Version>1.1</SOAP_Version><Namespace xmlns:soapenv="http://schemas.xmlsoap.org/soap/envelope/"/></Context><Header/><Body><ns0:SWIOrderUpsert_Input xmlns:p="http://siebel.com/asi" xmlns:ns0="http://siebel.com/asi"><xci0:ListOfSltOrderEntry xmlns:xci0="http://www.siebel.com/xml/SLT%20Order%20Entry"><xci0:OrderEntry-Orders><xci0:Id>1-5298IZQ</xci0:Id><xci0:OrderNumber>1-11020358438</xci0:OrderNumber><xci0:ListOfOrderEntry-LineItems><xci0:OrderEntry-LineItems><xci0:Id>1-52HHWDD</xci0:Id><xci0:AssetIntegrationId>1-2VRJ-1786</xci0:AssetIntegrationId><xci0:FulfillmentStatusCode>SO InProgress</xci0:FulfillmentStatusCode><xci0:IntegrationId>1-5298J1C</xci0:IntegrationId><xci0:RootOrderItemId>1-52HHWDD</xci0:RootOrderItemId><xci0:ListOfOrderEntry-LineItemsXA/></xci0:OrderEntry-LineItems><xci0:OrderEntry-LineItems><xci0:Id>1-52HHWDV</xci0:Id><xci0:AssetIntegrationId>1-31HB-113</xci0:AssetIntegrationId><xci0:FulfillmentStatusCode>InProgress</xci0:FulfillmentStatusCode><xci0:IntegrationId>1-5298J1D</xci0:IntegrationId><xci0:RootOrderItemId>1-52HHWDD</xci0:RootOrderItemId><xci0:ListOfOrderEntry-LineItemsXA/></xci0:OrderEntry-LineItems><xci0:OrderEntry-LineItems><xci0:Id>1-52HHWE1</xci0:Id><xci0:AssetIntegrationId>1-2Q9O-240</xci0:AssetIntegrationId><xci0:FulfillmentStatusCode>InProgress</xci0:FulfillmentStatusCode><xci0:IntegrationId>1-5298J1E</xci0:IntegrationId><xci0:RootOrderItemId>1-52HHWDD</xci0:RootOrderItemId><xci0:ListOfOrderEntry-LineItemsXA/></xci0:OrderEntry-LineItems></xci0:ListOfOrderEntry-LineItems></xci0:OrderEntry-Orders></xci0:ListOfSltOrderEntry><ns0:Auto-Asset_spcFlag>TRUE</ns0:Auto-Asset_spcFlag></ns0:SWIOrderUpsert_Input></Body></SOAP_Domain_Msg>
kkkkkk2020-06-14 00:00:02 108 [INPUT] - e4d01502-ada3-11ea-9463-ac1904700000 - <SOAP_Domain_Msg xmlns:soapenv="http://schemas.xmlsoap.org/soap/envelope/"><Context operation="SWIOrderUpsert" operationType="REQUEST_RESPONSE" portType="SWIOrderUpsert" portTypeNamespace="http://siebel.com/asi" port="SWIOrderUpsert" service="SWIOrderUpsert" fileName="SWIOrderUpsert_1.wsdl"><SOAP_Version>1.1</SOAP_Version><Namespace xmlns:soapenv="http://schemas.xmlsoap.org/soap/envelope/"/></Context><Header/><Body><ns0:SWIOrderUpsert_Input xmlns:p="http://siebel.com/asi" xmlns:ns0="http://siebel.com/asi"><xci0:ListOfSltOrderEntry xmlns:xci0="http://www.siebel.com/xml/SLT%20Order%20Entry"><xci0:OrderEntry-Orders><xci0:Id>1-5298IZQ</xci0:Id><xci0:OrderNumber>1-11020358438</xci0:OrderNumber><xci0:ListOfOrderEntry-LineItems><xci0:OrderEntry-LineItems><xci0:Id>1-52HHWDD</xci0:Id><xci0:AssetIntegrationId>1-2VRJ-1786</xci0:AssetIntegrationId><xci0:FulfillmentStatusCode>SO InProgress</xci0:FulfillmentStatusCode><xci0:IntegrationId>1-5298J1C</xci0:IntegrationId><xci0:RootOrderItemId>1-52HHWDD</xci0:RootOrderItemId><xci0:ListOfOrderEntry-LineItemsXA/></xci0:OrderEntry-LineItems><xci0:OrderEntry-LineItems><xci0:Id>1-52HHWDV</xci0:Id><xci0:AssetIntegrationId>1-31HB-113</xci0:AssetIntegrationId><xci0:FulfillmentStatusCode>InProgress</xci0:FulfillmentStatusCode><xci0:IntegrationId>1-5298J1D</xci0:IntegrationId><xci0:RootOrderItemId>1-52HHWDD</xci0:RootOrderItemId><xci0:ListOfOrderEntry-LineItemsXA/></xci0:OrderEntry-LineItems><xci0:OrderEntry-LineItems><xci0:Id>1-52HHWE1</xci0:Id><xci0:AssetIntegrationId>1-2Q9O-240</xci0:AssetIntegrationId><xci0:FulfillmentStatusCode>InProgress</xci0:FulfillmentStatusCode><xci0:IntegrationId>1-5298J1E</xci0:IntegrationId><xci0:RootOrderItemId>1-52HHWDD</xci0:RootOrderItemId><xci0:ListOfOrderEntry-LineItemsXA/></xci0:OrderEntry-LineItems></xci0:ListOfOrderEntry-LineItems></xci0:OrderEntry-Orders></xci0:ListOfSltOrderEntry><ns0:Auto-Asset_spcFlag>TRUE</ns0:Auto-Asset_spcFlag></ns0:SWIOrderUpsert_Input></Body></SOAP_Domain_Msg>
kkkkkk2020-06-14 00:00:02 340 [INPUT] - e51d37d8-ada3-11ea-9463-ac1904700000 - <SOAP_Domain_Msg xmlns:soapenv="http://schemas.xmlsoap.org/soap/envelope/"><Context operation="SWIOrderUpsert" operationType="REQUEST_RESPONSE" portType="SWIOrderUpsert" portTypeNamespace="http://siebel.com/asi" port="SWIOrderUpsert" service="SWIOrderUpsert" fileName="SWIOrderUpsert_1.wsdl"><SOAP_Version>1.1</SOAP_Version><Namespace xmlns:soapenv="http://schemas.xmlsoap.org/soap/envelope/"/></Context><Header/><Body><ns0:SWIOrderUpsert_Input xmlns:p="http://siebel.com/asi" xmlns:ns0="http://siebel.com/asi"><xci0:ListOfSltOrderEntry xmlns:xci0="http://www.siebel.com/xml/SLT%20Order%20Entry"><xci0:OrderEntry-Orders><xci0:Id>1-52UH522</xci0:Id><xci0:OrderNumber>1-11056032218</xci0:OrderNumber><xci0:ListOfOrderEntry-LineItems><xci0:OrderEntry-LineItems><xci0:Id>1-52UH56T</xci0:Id><xci0:AssetIntegrationId>1-2ZZA-493</xci0:AssetIntegrationId><xci0:FulfillmentStatusCode>SO InProgress</xci0:FulfillmentStatusCode><xci0:IntegrationId>1-52UH53O</xci0:IntegrationId><xci0:RootOrderItemId>1-52UH56T</xci0:RootOrderItemId><xci0:ListOfOrderEntry-LineItemsXA/></xci0:OrderEntry-LineItems><xci0:OrderEntry-LineItems><xci0:Id>1-52UH57B</xci0:Id><xci0:AssetIntegrationId>1-2UNB-1931</xci0:AssetIntegrationId><xci0:FulfillmentStatusCode>InProgress</xci0:FulfillmentStatusCode><xci0:IntegrationId>1-52UH53P</xci0:IntegrationId><xci0:RootOrderItemId>1-52UH56T</xci0:RootOrderItemId><xci0:ListOfOrderEntry-LineItemsXA/></xci0:OrderEntry-LineItems><xci0:OrderEntry-LineItems><xci0:Id>1-52UH57H</xci0:Id><xci0:AssetIntegrationId>1-35L2-264</xci0:AssetIntegrationId><xci0:FulfillmentStatusCode>InProgress</xci0:FulfillmentStatusCode><xci0:IntegrationId>1-52UH53Q</xci0:IntegrationId><xci0:RootOrderItemId>1-52UH56T</xci0:RootOrderItemId><xci0:ListOfOrderEntry-LineItemsXA/></xci0:OrderEntry-LineItems></xci0:ListOfOrderEntry-LineItems></xci0:OrderEntry-Orders></xci0:ListOfSltOrderEntry><ns0:Auto-Asset_spcFlag>TRUE</ns0:Auto-Asset_spcFlag></ns0:SWIOrderUpsert_Input></Body></SOAP_Domain_Msg>
kkkkkk2020-06-14 00:00:02 619 [INPUT] - e51d37d8-ada3-11ea-9463-ac1904700000 - <SOAP_Domain_Msg xmlns:soapenv="http://schemas.xmlsoap.org/soap/envelope/"><Context operation="SWIOrderUpsert" operationType="REQUEST_RESPONSE" portType="SWIOrderUpsert" portTypeNamespace="http://siebel.com/asi" port="SWIOrderUpsert" service="SWIOrderUpsert" fileName="SWIOrderUpsert_1.wsdl"><SOAP_Version>1.1</SOAP_Version><Namespace xmlns:soapenv="http://schemas.xmlsoap.org/soap/envelope/"/></Context><Header/><Body><ns0:SWIOrderUpsert_Input xmlns:p="http://siebel.com/asi" xmlns:ns0="http://siebel.com/asi"><xci0:ListOfSltOrderEntry xmlns:xci0="http://www.siebel.com/xml/SLT%20Order%20Entry"><xci0:OrderEntry-Orders><xci0:Id>1-52UH522</xci0:Id><xci0:OrderNumber>1-11056032218</xci0:OrderNumber><xci0:ListOfOrderEntry-LineItems><xci0:OrderEntry-LineItems><xci0:Id>1-52UH56T</xci0:Id><xci0:AssetIntegrationId>1-2ZZA-493</xci0:AssetIntegrationId><xci0:FulfillmentStatusCode>SO InProgress</xci0:FulfillmentStatusCode><xci0:IntegrationId>1-52UH53O</xci0:IntegrationId><xci0:RootOrderItemId>1-52UH56T</xci0:RootOrderItemId><xci0:ListOfOrderEntry-LineItemsXA/></xci0:OrderEntry-LineItems><xci0:OrderEntry-LineItems><xci0:Id>1-52UH57B</xci0:Id><xci0:AssetIntegrationId>1-2UNB-1931</xci0:AssetIntegrationId><xci0:FulfillmentStatusCode>InProgress</xci0:FulfillmentStatusCode><xci0:IntegrationId>1-52UH53P</xci0:IntegrationId><xci0:RootOrderItemId>1-52UH56T</xci0:RootOrderItemId><xci0:ListOfOrderEntry-LineItemsXA/></xci0:OrderEntry-LineItems><xci0:OrderEntry-LineItems><xci0:Id>1-52UH57H</xci0:Id><xci0:AssetIntegrationId>1-35L2-264</xci0:AssetIntegrationId><xci0:FulfillmentStatusCode>InProgress</xci0:FulfillmentStatusCode><xci0:IntegrationId>1-52UH53Q</xci0:IntegrationId><xci0:RootOrderItemId>1-52UH56T</xci0:RootOrderItemId><xci0:ListOfOrderEntry-LineItemsXA/></xci0:OrderEntry-LineItems></xci0:ListOfOrderEntry-LineItems></xci0:OrderEntry-Orders></xci0:ListOfSltOrderEntry><ns0:Auto-Asset_spcFlag>TRUE</ns0:Auto-Asset_spcFlag></ns0:SWIOrderUpsert_Input></Body></SOAP_Domain_Msg>Jun 25, 2020 2:50:46 PM backend.logfileread.XmlFormatter main
kkkkkkINFO: Adding Crunchify Log line: 1
kkkkkkJun 25, 2020 2:50:47 PM backend.logfileread.XmlFormatter main
kkkkkkINFO: Adding Crunchify Log line: 2
kkkkkkJun 25, 2020 2:50:48 PM backend.logfileread.XmlFormatter main
kkkkkkINFO: Adding Crunchify Log line: 3
kkkkkkJun 25, 2020 2:50:49 PM backend.logfileread.XmlFormatter main
kkkkkkINFO: Adding Crunchify Log line: 4
kkkkkkJun 25, 2020 2:50:50 PM backend.logfileread.XmlFormatter main
kkkkkkINFO: Adding Crunchify Log line: 5
kkkkkkJun 25, 2020 2:50:51 PM backend.logfileread.XmlFormatter main
kkkkkkINFO: Adding Crunchify Log line: 6
kkkkkkJun 25, 2020 2:50:52 PM backend.logfileread.XmlFormatter main
kkkkkkINFO: Adding Crunchify Log line: 7
kkkkkkJun 25, 2020 2:50:53 PM backend.logfileread.XmlFormatter main
kkkkkkINFO: Adding Crunchify Log line: 8
kkkkkkJun 25, 2020 2:50:54 PM backend.logfileread.XmlFormatter main
kkkkkkINFO: Adding Crunchify Log line: 9
kkkkkkJun 25, 2020 2:50:55 PM backend.logfileread.XmlFormatter main
kkkkkkINFO: Adding Crunchify Log line: 10
kkkkkkJun 25, 2020 2:50:56 PM backend.logfileread.XmlFormatter main
kkkkkkINFO: Adding Crunchify Log line: 11
kkkkkkJun 25, 2020 2:50:57 PM backend.logfileread.XmlFormatter main
kkkkkkINFO: Adding Crunchify Log line: 12
kkkkkkJun 25, 2020 2:50:58 PM backend.logfileread.XmlFormatter main
kkkkkkINFO: Adding Crunchify Log line: 13
kkkkkkJun 25, 2020 2:50:59 PM backend.logfileread.XmlFormatter main
kkkkkkINFO: Adding Crunchify Log line: 14
kkkkkkJun 25, 2020 2:51:00 PM backend.logfileread.XmlFormatter main
kkkkkkINFO: Adding Crunchify Log line: 15
kkkkkkJun 25, 2020 2:51:01 PM backend.logfileread.XmlFormatter main
kkkkkkINFO: Adding Crunchify Log line: 16
kkkkkkJun 25, 2020 2:51:02 PM backend.logfileread.XmlFormatter main
kkkkkkINFO: Adding Crunchify Log line: 17
kkkkkkJun 25, 2020 2:51:03 PM backend.logfileread.XmlFormatter main
kkkkkkINFO: Adding Crunchify Log line: 18
kkkkkkJun 25, 2020 2:51:04 PM backend.logfileread.XmlFormatter main
kkkkkkINFO: Adding Crunchify Log line: 19
kkkkkkJun 25, 2020 2:51:05 PM backend.logfileread.XmlFormatter main
kkkkkkINFO: Adding Crunchify Log line: 20
kkkkkkJun 25, 2020 2:51:06 PM backend.logfileread.XmlFormatter main
kkkkkkINFO: Adding Crunchify Log line: 21
kkkkkkJun 25, 2020 2:51:07 PM backend.logfileread.XmlFormatter main
kkkkkkINFO: Adding Crunchify Log line: 22
kkkkkkJun 25, 2020 2:51:08 PM backend.logfileread.XmlFormatter main
kkkkkkINFO: Adding Crunchify Log line: 23
kkkkkkJun 25, 2020 2:51:09 PM backend.logfileread.XmlFormatter main
kkkkkkINFO: Adding Crunchify Log line: 24
kkkkkkJun 25, 2020 2:51:10 PM backend.logfileread.XmlFormatter main
kkkkkkINFO: Adding Crunchify Log line: 25
kkkkkkJun 25, 2020 2:51:11 PM backend.logfileread.XmlFormatter main
kkkkkkINFO: Adding Crunchify Log line: 26
kkkkkkJun 25, 2020 2:51:12 PM backend.logfileread.XmlFormatter main
kkkkkkINFO: Adding Crunchify Log line: 27
kkkkkkJun 25, 2020 2:51:13 PM backend.logfileread.XmlFormatter main
kkkkkkINFO: Adding Crunchify Log line: 28
kkkkkkJun 25, 2020 2:51:14 PM backend.logfileread.XmlFormatter main
kkkkkkINFO: Adding Crunchify Log line: 29
kkkkkkJun 25, 2020 2:51:15 PM backend.logfileread.XmlFormatter main
kkkkkkINFO: Adding Crunchify Log line: 30
kkkkkkJun 25, 2020 2:51:16 PM backend.logfileread.XmlFormatter main
kkkkkkINFO: Adding Crunchify Log line: 31
kkkkkkJun 25, 2020 2:51:17 PM backend.logfileread.XmlFormatter main
kkkkkkINFO: Adding Crunchify Log line: 32
kkkkkkJun 25, 2020 2:51:18 PM backend.logfileread.XmlFormatter main
kkkkkkINFO: Adding Crunchify Log line: 33
kkkkkkJun 25, 2020 2:51:19 PM backend.logfileread.XmlFormatter main
kkkkkkINFO: Adding Crunchify Log line: 34
kkkkkkJun 25, 2020 2:51:20 PM backend.logfileread.XmlFormatter main
kkkkkkINFO: Adding Crunchify Log line: 35
kkkkkkJun 25, 2020 2:51:21 PM backend.logfileread.XmlFormatter main
kkkkkkINFO: Adding Crunchify Log line: 36
kkkkkkJun 25, 2020 2:51:22 PM backend.logfileread.XmlFormatter main
kkkkkkINFO: Adding Crunchify Log line: 37
kkkkkkJun 25, 2020 2:51:23 PM backend.logfileread.XmlFormatter main
kkkkkkINFO: Adding Crunchify Log line: 38
kkkkkkJun 25, 2020 2:51:24 PM backend.logfileread.XmlFormatter main
kkkkkkINFO: Adding Crunchify Log line: 39
kkkkkkJun 25, 2020 2:51:25 PM backend.logfileread.XmlFormatter main
kkkkkkINFO: Adding Crunchify Log line: 40
kkkkkkJun 25, 2020 2:51:26 PM backend.logfileread.XmlFormatter main
kkkkkkINFO: Adding Crunchify Log line: 41
kkkkkkJun 25, 2020 2:51:27 PM backend.logfileread.XmlFormatter main
kkkkkkINFO: Adding Crunchify Log line: 42
kkkkkkJun 25, 2020 2:51:28 PM backend.logfileread.XmlFormatter main
kkkkkkINFO: Adding Crunchify Log line: 43
kkkkkkJun 25, 2020 2:51:29 PM backend.logfileread.XmlFormatter main
kkkkkkINFO: Adding Crunchify Log line: 44
kkkkkkJun 25, 2020 2:51:30 PM backend.logfileread.XmlFormatter main
kkkkkkINFO: Adding Crunchify Log line: 45
kkkkkkJun 25, 2020 2:51:31 PM backend.logfileread.XmlFormatter main
kkkkkkINFO: Adding Crunchify Log line: 46
kkkkkkJun 25, 2020 2:51:32 PM backend.logfileread.XmlFormatter main
kkkkkkINFO: Adding Crunchify Log line: 47
kkkkkkJun 25, 2020 2:51:33 PM backend.logfileread.XmlFormatter main
kkkkkkINFO: Adding Crunchify Log line: 48
kkkkkkJun 25, 2020 2:51:34 PM backend.logfileread.XmlFormatter main
kkkkkkINFO: Adding Crunchify Log line: 49
kkkkkkJun 25, 2020 2:51:35 PM backend.logfileread.XmlFormatter main
kkkkkkINFO: Adding Crunchify Log line: 50
kkkkkkJun 25, 2020 2:51:36 PM backend.logfileread.XmlFormatter main
kkkkkkINFO: Adding Crunchify Log line: 51
kkkkkkJun 25, 2020 2:51:37 PM backend.logfileread.XmlFormatter main
kkkkkkINFO: Adding Crunchify Log line: 52
kkkkkkJun 25, 2020 2:51:38 PM backend.logfileread.XmlFormatter main
kkkkkkINFO: Adding Crunchify Log line: 53
kkkkkkJun 25, 2020 2:51:39 PM backend.logfileread.XmlFormatter main
kkkkkkINFO: Adding Crunchify Log line: 54
kkkkkkJun 25, 2020 2:51:40 PM backend.logfileread.XmlFormatter main
kkkkkkINFO: Adding Crunchify Log line: 55
kkkkkkJun 25, 2020 2:51:41 PM backend.logfileread.XmlFormatter main
kkkkkkINFO: Adding Crunchify Log line: 56
kkkkkkJun 25, 2020 2:51:42 PM backend.logfileread.XmlFormatter main
kkkkkkINFO: Adding Crunchify Log line: 57
kkkkkkJun 25, 2020 2:51:43 PM backend.logfileread.XmlFormatter main
kkkkkkINFO: Adding Crunchify Log line: 58
kkkkkkJun 25, 2020 2:51:44 PM backend.logfileread.XmlFormatter main
kkkkkkINFO: Adding Crunchify Log line: 59
kkkkkkJun 25, 2020 2:51:45 PM backend.logfileread.XmlFormatter main
kkkkkkINFO: Adding Crunchify Log line: 60
kkkkkkJun 25, 2020 2:51:46 PM backend.logfileread.XmlFormatter main
kkkkkkINFO: Adding Crunchify Log line: 61
kkkkkkJun 25, 2020 2:51:47 PM backend.logfileread.XmlFormatter main
kkkkkkINFO: Adding Crunchify Log line: 62
kkkkkkJun 25, 2020 2:51:48 PM backend.logfileread.XmlFormatter main
kkkkkkINFO: Adding Crunchify Log line: 63
kkkkkkJun 25, 2020 2:51:49 PM backend.logfileread.XmlFormatter main
kkkkkkINFO: Adding Crunchify Log line: 64
kkkkkkJun 25, 2020 2:51:50 PM backend.logfileread.XmlFormatter main
kkkkkkINFO: Adding Crunchify Log line: 65
kkkkkkJun 25, 2020 2:51:51 PM backend.logfileread.XmlFormatter main
kkkkkkINFO: Adding Crunchify Log line: 66
kkkkkkJun 25, 2020 2:51:52 PM backend.logfileread.XmlFormatter main
kkkkkkINFO: Adding Crunchify Log line: 67
kkkkkkJun 25, 2020 2:51:53 PM backend.logfileread.XmlFormatter main
kkkkkkINFO: Adding Crunchify Log line: 68
kkkkkkJun 25, 2020 2:51:54 PM backend.logfileread.XmlFormatter main
kkkkkkINFO: Adding Crunchify Log line: 69
kkkkkkJun 25, 2020 2:51:55 PM backend.logfileread.XmlFormatter main
kkkkkkINFO: Adding Crunchify Log line: 70
kkkkkkJun 25, 2020 2:51:56 PM backend.logfileread.XmlFormatter main
kkkkkkINFO: Adding Crunchify Log line: 71
kkkkkkJun 25, 2020 2:51:57 PM backend.logfileread.XmlFormatter main
kkkkkkINFO: Adding Crunchify Log line: 72
kkkkkkJun 25, 2020 2:51:58 PM backend.logfileread.XmlFormatter main
kkkkkkINFO: Adding Crunchify Log line: 73
kkkkkkJun 25, 2020 2:51:59 PM backend.logfileread.XmlFormatter main
kkkkkkINFO: Adding Crunchify Log line: 74
kkkkkkJun 25, 2020 2:52:00 PM backend.logfileread.XmlFormatter main
kkkkkkINFO: Adding Crunchify Log line: 75
kkkkkkJun 25, 2020 2:52:01 PM backend.logfileread.XmlFormatter main
kkkkkkINFO: Adding Crunchify Log line: 76
kkkkkkJun 25, 2020 2:52:02 PM backend.logfileread.XmlFormatter main
kkkkkkINFO: Adding Crunchify Log line: 77
kkkkkkJun 25, 2020 2:52:03 PM backend.logfileread.XmlFormatter main
kkkkkkINFO: Adding Crunchify Log line: 78
kkkkkkJun 25, 2020 2:52:04 PM backend.logfileread.XmlFormatter main
kkkkkkINFO: Adding Crunchify Log line: 79
kkkkkkJun 25, 2020 2:52:05 PM backend.logfileread.XmlFormatter main
kkkkkkINFO: Adding Crunchify Log line: 80
kkkkkkJun 25, 2020 2:52:06 PM backend.logfileread.XmlFormatter main
kkkkkkINFO: Adding Crunchify Log line: 81
kkkkkkJun 25, 2020 2:52:07 PM backend.logfileread.XmlFormatter main
kkkkkkINFO: Adding Crunchify Log line: 82
kkkkkkJun 25, 2020 2:52:08 PM backend.logfileread.XmlFormatter main
kkkkkkINFO: Adding Crunchify Log line: 83
kkkkkkJun 25, 2020 2:52:09 PM backend.logfileread.XmlFormatter main
kkkkkkINFO: Adding Crunchify Log line: 84
kkkkkkJun 25, 2020 2:52:10 PM backend.logfileread.XmlFormatter main
kkkkkkINFO: Adding Crunchify Log line: 85
kkkkkkJun 25, 2020 2:52:11 PM backend.logfileread.XmlFormatter main
kkkkkkINFO: Adding Crunchify Log line: 86
kkkkkkJun 25, 2020 2:52:12 PM backend.logfileread.XmlFormatter main
kkkkkkINFO: Adding Crunchify Log line: 87
kkkkkkJun 25, 2020 2:52:13 PM backend.logfileread.XmlFormatter main
kkkkkkINFO: Adding Crunchify Log line: 88
kkkkkkJun 25, 2020 2:52:14 PM backend.logfileread.XmlFormatter main
kkkkkkINFO: Adding Crunchify Log line: 89
kkkkkkJun 25, 2020 2:52:15 PM backend.logfileread.XmlFormatter main
kkkkkkINFO: Adding Crunchify Log line: 90
kkkkkkJun 25, 2020 2:52:16 PM backend.logfileread.XmlFormatter main
kkkkkkINFO: Adding Crunchify Log line: 91
kkkkkkJun 25, 2020 2:52:17 PM backend.logfileread.XmlFormatter main
kkkkkkINFO: Adding Crunchify Log line: 92
kkkkkkJun 25, 2020 2:52:18 PM backend.logfileread.XmlFormatter main
kkkkkkINFO: Adding Crunchify Log line: 93
kkkkkkJun 25, 2020 2:52:19 PM backend.logfileread.XmlFormatter main
kkkkkkINFO: Adding Crunchify Log line: 94
kkkkkkJun 25, 2020 2:52:20 PM backend.logfileread.XmlFormatter main
kkkkkkINFO: Adding Crunchify Log line: 95
kkkkkkJun 25, 2020 2:52:21 PM backend.logfileread.XmlFormatter main
kkkkkkINFO: Adding Crunchify Log line: 96
kkkkkkJun 25, 2020 2:52:22 PM backend.logfileread.XmlFormatter main
kkkkkkINFO: Adding Crunchify Log line: 97
kkkkkkJun 25, 2020 2:52:23 PM backend.logfileread.XmlFormatter main
kkkkkkINFO: Adding Crunchify Log line: 98
kkkkkkJun 25, 2020 2:52:24 PM backend.logfileread.XmlFormatter main
kkkkkkINFO: Adding Crunchify Log line: 99
kkkkkkJun 25, 2020 2:52:25 PM backend.logfileread.XmlFormatter main
kkkkkkINFO: Adding Crunchify Log line: 100
kkkkkkJun 25, 2020 2:52:26 PM backend.logfileread.XmlFormatter main
kkkkkkINFO: Adding Crunchify Log line: 101
kkkkkkJun 25, 2020 2:52:27 PM backend.logfileread.XmlFormatter main
kkkkkkINFO: Adding Crunchify Log line: 102
kkkkkkJun 25, 2020 2:52:28 PM backend.logfileread.XmlFormatter main
kkkkkkINFO: Adding Crunchify Log line: 103
kkkkkkJun 25, 2020 2:52:29 PM backend.logfileread.XmlFormatter main
kkkkkkINFO: Adding Crunchify Log line: 104
kkkkkkJun 25, 2020 2:52:30 PM backend.logfileread.XmlFormatter main
kkkkkkINFO: Adding Crunchify Log line: 105
kkkkkkJun 25, 2020 2:52:31 PM backend.logfileread.XmlFormatter main
kkkkkkINFO: Adding Crunchify Log line: 106
kkkkkkJun 25, 2020 2:52:32 PM backend.logfileread.XmlFormatter main
kkkkkkINFO: Adding Crunchify Log line: 107
kkkkkkJun 25, 2020 2:52:33 PM backend.logfileread.XmlFormatter main
kkkkkkINFO: Adding Crunchify Log line: 108
kkkkkkJun 25, 2020 2:52:34 PM backend.logfileread.XmlFormatter main
kkkkkkINFO: Adding Crunchify Log line: 109
kkkkkkJun 25, 2020 2:52:35 PM backend.logfileread.XmlFormatter main
kkkkkkINFO: Adding Crunchify Log line: 110
kkkkkkJun 25, 2020 2:52:36 PM backend.logfileread.XmlFormatter main
kkkkkkINFO: Adding Crunchify Log line: 111
kkkkkkJun 25, 2020 2:52:37 PM backend.logfileread.XmlFormatter main
kkkkkkINFO: Adding Crunchify Log line: 112
kkkkkkJun 25, 2020 2:52:38 PM backend.logfileread.XmlFormatter main
kkkkkkINFO: Adding Crunchify Log line: 113
kkkkkkJun 25, 2020 2:52:39 PM backend.logfileread.XmlFormatter main
kkkkkkINFO: Adding Crunchify Log line: 114
kkkkkkJun 25, 2020 2:52:40 PM backend.logfileread.XmlFormatter main
kkkkkkINFO: Adding Crunchify Log line: 115
kkkkkkJun 25, 2020 2:52:41 PM backend.logfileread.XmlFormatter main
kkkkkkINFO: Adding Crunchify Log line: 116
kkkkkkJun 25, 2020 2:52:42 PM backend.logfileread.XmlFormatter main
kkkkkkINFO: Adding Crunchify Log line: 117
kkkkkkJun 25, 2020 2:52:43 PM backend.logfileread.XmlFormatter main
kkkkkkINFO: Adding Crunchify Log line: 118
kkkkkkJun 25, 2020 2:52:44 PM backend.logfileread.XmlFormatter main
kkkkkkINFO: Adding Crunchify Log line: 119
kkkkkkJun 25, 2020 2:52:45 PM backend.logfileread.XmlFormatter main
kkkkkkINFO: Adding Crunchify Log line: 120
kkkkkkJun 25, 2020 2:52:46 PM backend.logfileread.XmlFormatter main
kkkkkkINFO: Adding Crunchify Log line: 121
kkkkkkJun 25, 2020 2:52:47 PM backend.logfileread.XmlFormatter main
kkkkkkINFO: Adding Crunchify Log line: 122
kkkkkkJun 25, 2020 2:52:48 PM backend.logfileread.XmlFormatter main
kkkkkkINFO: Adding Crunchify Log line: 123
kkkkkkJun 25, 2020 2:52:49 PM backend.logfileread.XmlFormatter main
kkkkkkINFO: Adding Crunchify Log line: 124
kkkkkkJun 25, 2020 2:52:50 PM backend.logfileread.XmlFormatter main
kkkkkkINFO: Adding Crunchify Log line: 125
kkkkkkJun 25, 2020 2:52:51 PM backend.logfileread.XmlFormatter main
kkkkkkINFO: Adding Crunchify Log line: 126
kkkkkkJun 25, 2020 2:52:52 PM backend.logfileread.XmlFormatter main
kkkkkkINFO: Adding Crunchify Log line: 127
kkkkkkJun 25, 2020 2:52:53 PM backend.logfileread.XmlFormatter main
kkkkkkINFO: Adding Crunchify Log line: 128
kkkkkkJun 25, 2020 2:52:54 PM backend.logfileread.XmlFormatter main
kkkkkkINFO: Adding Crunchify Log line: 129
kkkkkkJun 25, 2020 2:52:55 PM backend.logfileread.XmlFormatter main
kkkkkkINFO: Adding Crunchify Log line: 130
kkkkkkJun 25, 2020 2:52:56 PM backend.logfileread.XmlFormatter main
kkkkkkINFO: Adding Crunchify Log line: 131
kkkkkkJun 25, 2020 2:52:57 PM backend.logfileread.XmlFormatter main
kkkkkkINFO: Adding Crunchify Log line: 132
kkkkkkJun 25, 2020 2:52:58 PM backend.logfileread.XmlFormatter main
kkkkkkINFO: Adding Crunchify Log line: 133
kkkkkkJun 25, 2020 2:52:59 PM backend.logfileread.XmlFormatter main
kkkkkkINFO: Adding Crunchify Log line: 134
kkkkkkJun 25, 2020 2:53:00 PM backend.logfileread.XmlFormatter main
kkkkkkINFO: Adding Crunchify Log line: 135
kkkkkkJun 25, 2020 2:53:01 PM backend.logfileread.XmlFormatter main
kkkkkkINFO: Adding Crunchify Log line: 136
kkkkkkJun 25, 2020 2:53:02 PM backend.logfileread.XmlFormatter main
kkkkkkINFO: Adding Crunchify Log line: 137
kkkkkkJun 25, 2020 2:53:03 PM backend.logfileread.XmlFormatter main
kkkkkkINFO: Adding Crunchify Log line: 138
kkkkkkJun 25, 2020 2:53:04 PM backend.logfileread.XmlFormatter main
kkkkkkINFO: Adding Crunchify Log line: 139
kkkkkkJun 25, 2020 2:53:05 PM backend.logfileread.XmlFormatter main
kkkkkkINFO: Adding Crunchify Log line: 140
kkkkkkJun 25, 2020 2:53:06 PM backend.logfileread.XmlFormatter main
kkkkkkINFO: Adding Crunchify Log line: 141
kkkkkkJun 25, 2020 2:53:07 PM backend.logfileread.XmlFormatter main
kkkkkkINFO: Adding Crunchify Log line: 142
kkkkkkJun 25, 2020 2:53:08 PM backend.logfileread.XmlFormatter main
kkkkkkINFO: Adding Crunchify Log line: 143
kkkkkkJun 25, 2020 2:53:09 PM backend.logfileread.XmlFormatter main
kkkkkkINFO: Adding Crunchify Log line: 144
kkkkkkJun 25, 2020 2:53:10 PM backend.logfileread.XmlFormatter main
kkkkkkINFO: Adding Crunchify Log line: 145
kkkkkkJun 25, 2020 2:53:11 PM backend.logfileread.XmlFormatter main
kkkkkkINFO: Adding Crunchify Log line: 146
kkkkkkJun 25, 2020 2:53:12 PM backend.logfileread.XmlFormatter main
kkkkkkINFO: Adding Crunchify Log line: 147
kkkkkkJun 25, 2020 2:53:13 PM backend.logfileread.XmlFormatter main
kkkkkkINFO: Adding Crunchify Log line: 148
kkkkkkJun 25, 2020 2:53:14 PM backend.logfileread.XmlFormatter main
kkkkkkINFO: Adding Crunchify Log line: 149
kkkkkkJun 25, 2020 2:53:15 PM backend.logfileread.XmlFormatter main
kkkkkkINFO: Adding Crunchify Log line: 150
kkkkkkJun 25, 2020 2:53:16 PM backend.logfileread.XmlFormatter main
kkkkkkINFO: Adding Crunchify Log line: 151
kkkkkkJun 25, 2020 2:53:17 PM backend.logfileread.XmlFormatter main
kkkkkkINFO: Adding Crunchify Log line: 152
kkkkkkJun 25, 2020 2:53:18 PM backend.logfileread.XmlFormatter main
kkkkkkINFO: Adding Crunchify Log line: 153
kkkkkkJun 25, 2020 2:53:19 PM backend.logfileread.XmlFormatter main
kkkkkkINFO: Adding Crunchify Log line: 154
kkkkkkJun 25, 2020 2:53:20 PM backend.logfileread.XmlFormatter main
kkkkkkINFO: Adding Crunchify Log line: 155
kkkkkkJun 25, 2020 2:53:21 PM backend.logfileread.XmlFormatter main
kkkkkkINFO: Adding Crunchify Log line: 156
kkkkkkJun 25, 2020 2:53:22 PM backend.logfileread.XmlFormatter main
kkkkkkINFO: Adding Crunchify Log line: 157
kkkkkkJun 25, 2020 2:53:23 PM backend.logfileread.XmlFormatter main
kkkkkkINFO: Adding Crunchify Log line: 158
kkkkkkJun 25, 2020 2:53:24 PM backend.logfileread.XmlFormatter main
kkkkkkINFO: Adding Crunchify Log line: 159
kkkkkkJun 25, 2020 2:53:25 PM backend.logfileread.XmlFormatter main
kkkkkkINFO: Adding Crunchify Log line: 160
kkkkkkJun 25, 2020 2:53:26 PM backend.logfileread.XmlFormatter main
kkkkkkINFO: Adding Crunchify Log line: 161
kkkkkkJun 25, 2020 2:53:27 PM backend.logfileread.XmlFormatter main
kkkkkkINFO: Adding Crunchify Log line: 162
kkkkkkJun 25, 2020 2:53:28 PM backend.logfileread.XmlFormatter main
kkkkkkINFO: Adding Crunchify Log line: 163
kkkkkkJun 25, 2020 2:53:29 PM backend.logfileread.XmlFormatter main
kkkkkkINFO: Adding Crunchify Log line: 164
kkkkkkJun 25, 2020 2:53:30 PM backend.logfileread.XmlFormatter main
kkkkkkINFO: Adding Crunchify Log line: 165
kkkkkkJun 25, 2020 2:53:31 PM backend.logfileread.XmlFormatter main
kkkkkkINFO: Adding Crunchify Log line: 166
kkkkkkJun 25, 2020 2:53:32 PM backend.logfileread.XmlFormatter main
kkkkkkINFO: Adding Crunchify Log line: 167
kkkkkkJun 25, 2020 2:53:33 PM backend.logfileread.XmlFormatter main
kkkkkkINFO: Adding Crunchify Log line: 168
kkkkkkJun 25, 2020 2:53:34 PM backend.logfileread.XmlFormatter main
kkkkkkINFO: Adding Crunchify Log line: 169
kkkkkkJun 25, 2020 2:53:35 PM backend.logfileread.XmlFormatter main
kkkkkkINFO: Adding Crunchify Log line: 170
kkkkkkJun 25, 2020 2:53:36 PM backend.logfileread.XmlFormatter main
kkkkkkINFO: Adding Crunchify Log line: 171
kkkkkkJun 25, 2020 2:53:37 PM backend.logfileread.XmlFormatter main
kkkkkkINFO: Adding Crunchify Log line: 172
kkkkkkJun 25, 2020 2:53:38 PM backend.logfileread.XmlFormatter main
kkkkkkINFO: Adding Crunchify Log line: 173
kkkkkkJun 25, 2020 2:53:39 PM backend.logfileread.XmlFormatter main
kkkkkkINFO: Adding Crunchify Log line: 174
kkkkkkJun 25, 2020 2:53:40 PM backend.logfileread.XmlFormatter main
kkkkkkINFO: Adding Crunchify Log line: 175
kkkkkkJun 25, 2020 2:53:41 PM backend.logfileread.XmlFormatter main
kkkkkkINFO: Adding Crunchify Log line: 176
kkkkkkJun 25, 2020 2:53:42 PM backend.logfileread.XmlFormatter main
kkkkkkINFO: Adding Crunchify Log line: 177
kkkkkkJun 25, 2020 2:53:43 PM backend.logfileread.XmlFormatter main
kkkkkkINFO: Adding Crunchify Log line: 178
kkkkkkJun 25, 2020 2:53:44 PM backend.logfileread.XmlFormatter main
kkkkkkINFO: Adding Crunchify Log line: 179
kkkkkkJun 25, 2020 2:53:45 PM backend.logfileread.XmlFormatter main
kkkkkkINFO: Adding Crunchify Log line: 180
kkkkkkJun 25, 2020 2:53:46 PM backend.logfileread.XmlFormatter main
kkkkkkINFO: Adding Crunchify Log line: 181
kkkkkkJun 25, 2020 2:53:47 PM backend.logfileread.XmlFormatter main
kkkkkkINFO: Adding Crunchify Log line: 182
kkkkkkJun 25, 2020 2:53:48 PM backend.logfileread.XmlFormatter main
kkkkkkINFO: Adding Crunchify Log line: 183
kkkkkkJun 25, 2020 2:53:49 PM backend.logfileread.XmlFormatter main
kkkkkkINFO: Adding Crunchify Log line: 184
kkkkkkJun 25, 2020 2:53:50 PM backend.logfileread.XmlFormatter main
kkkkkkINFO: Adding Crunchify Log line: 185
kkkkkkJun 25, 2020 2:53:51 PM backend.logfileread.XmlFormatter main
kkkkkkINFO: Adding Crunchify Log line: 186
kkkkkkJun 25, 2020 2:53:52 PM backend.logfileread.XmlFormatter main
kkkkkkINFO: Adding Crunchify Log line: 187
kkkkkkJun 25, 2020 2:53:53 PM backend.logfileread.XmlFormatter main
kkkkkkINFO: Adding Crunchify Log line: 188
kkkkkkJun 25, 2020 2:53:54 PM backend.logfileread.XmlFormatter main
kkkkkkINFO: Adding Crunchify Log line: 189
kkkkkkJun 25, 2020 2:53:55 PM backend.logfileread.XmlFormatter main
kkkkkkINFO: Adding Crunchify Log line: 190
kkkkkkJun 25, 2020 2:53:56 PM backend.logfileread.XmlFormatter main
kkkkkkINFO: Adding Crunchify Log line: 191
kkkkkkJun 25, 2020 2:53:57 PM backend.logfileread.XmlFormatter main
kkkkkkINFO: Adding Crunchify Log line: 192
kkkkkkJun 25, 2020 2:53:58 PM backend.logfileread.XmlFormatter main
kkkkkkINFO: Adding Crunchify Log line: 193
kkkkkkJun 25, 2020 2:53:59 PM backend.logfileread.XmlFormatter main
kkkkkkINFO: Adding Crunchify Log line: 194
kkkkkkJun 25, 2020 2:54:00 PM backend.logfileread.XmlFormatter main
kkkkkkINFO: Adding Crunchify Log line: 195
kkkkkkJun 25, 2020 2:54:01 PM backend.logfileread.XmlFormatter main
kkkkkkINFO: Adding Crunchify Log line: 196
kkkkkkJun 25, 2020 2:54:02 PM backend.logfileread.XmlFormatter main
kkkkkkINFO: Adding Crunchify Log line: 197
kkkkkkJun 25, 2020 2:54:03 PM backend.logfileread.XmlFormatter main
kkkkkkINFO: Adding Crunchify Log line: 198
kkkkkkJun 25, 2020 2:54:04 PM backend.logfileread.XmlFormatter main
kkkkkkINFO: Adding Crunchify Log line: 199
kkkkkkJun 25, 2020 2:54:05 PM backend.logfileread.XmlFormatter main
kkkkkkINFO: Adding Crunchify Log line: 200
kkkkkkJun 25, 2020 2:54:06 PM backend.logfileread.XmlFormatter main
kkkkkkINFO: Adding Crunchify Log line: 201
kkkkkkJun 25, 2020 2:54:07 PM backend.logfileread.XmlFormatter main
kkkkkkINFO: Adding Crunchify Log line: 202
kkkkkkJun 25, 2020 2:54:08 PM backend.logfileread.XmlFormatter main
kkkkkkINFO: Adding Crunchify Log line: 203
kkkkkkJun 25, 2020 2:54:09 PM backend.logfileread.XmlFormatter main
kkkkkkINFO: Adding Crunchify Log line: 204
kkkkkkJun 25, 2020 2:54:10 PM backend.logfileread.XmlFormatter main
kkkkkkINFO: Adding Crunchify Log line: 205
kkkkkkJun 25, 2020 2:54:11 PM backend.logfileread.XmlFormatter main
kkkkkkINFO: Adding Crunchify Log line: 206
kkkkkkJun 25, 2020 2:54:12 PM backend.logfileread.XmlFormatter main
kkkkkkINFO: Adding Crunchify Log line: 207
kkkkkkJun 25, 2020 2:54:13 PM backend.logfileread.XmlFormatter main
kkkkkkINFO: Adding Crunchify Log line: 208
kkkkkkJun 25, 2020 2:54:14 PM backend.logfileread.XmlFormatter main
kkkkkkINFO: Adding Crunchify Log line: 209
kkkkkkJun 25, 2020 2:54:15 PM backend.logfileread.XmlFormatter main
kkkkkkINFO: Adding Crunchify Log line: 210
kkkkkkJun 25, 2020 2:54:16 PM backend.logfileread.XmlFormatter main
kkkkkkINFO: Adding Crunchify Log line: 211
kkkkkkJun 25, 2020 2:54:17 PM backend.logfileread.XmlFormatter main
kkkkkkINFO: Adding Crunchify Log line: 212
kkkkkkJun 25, 2020 2:54:18 PM backend.logfileread.XmlFormatter main
kkkkkkINFO: Adding Crunchify Log line: 213
kkkkkkJun 25, 2020 2:54:19 PM backend.logfileread.XmlFormatter main
kkkkkkINFO: Adding Crunchify Log line: 214
kkkkkkJun 25, 2020 2:54:20 PM backend.logfileread.XmlFormatter main
kkkkkkINFO: Adding Crunchify Log line: 215
kkkkkkJun 25, 2020 2:54:21 PM backend.logfileread.XmlFormatter main
kkkkkkINFO: Adding Crunchify Log line: 216
kkkkkkJun 25, 2020 2:54:22 PM backend.logfileread.XmlFormatter main
kkkkkkINFO: Adding Crunchify Log line: 217
kkkkkkJun 25, 2020 2:54:23 PM backend.logfileread.XmlFormatter main
kkkkkkINFO: Adding Crunchify Log line: 218
kkkkkkJun 25, 2020 2:54:24 PM backend.logfileread.XmlFormatter main
kkkkkkINFO: Adding Crunchify Log line: 219
kkkkkkJun 25, 2020 2:54:25 PM backend.logfileread.XmlFormatter main
kkkkkkINFO: Adding Crunchify Log line: 220
kkkkkkJun 25, 2020 2:54:26 PM backend.logfileread.XmlFormatter main
kkkkkkINFO: Adding Crunchify Log line: 221
kkkkkkJun 25, 2020 2:54:27 PM backend.logfileread.XmlFormatter main
kkkkkkINFO: Adding Crunchify Log line: 222
kkkkkkJun 25, 2020 2:54:28 PM backend.logfileread.XmlFormatter main
kkkkkkINFO: Adding Crunchify Log line: 223
kkkkkkJun 25, 2020 2:54:29 PM backend.logfileread.XmlFormatter main
kkkkkkINFO: Adding Crunchify Log line: 224
kkkkkkJun 25, 2020 2:54:30 PM backend.logfileread.XmlFormatter main
kkkkkkINFO: Adding Crunchify Log line: 225
kkkkkkJun 25, 2020 2:54:31 PM backend.logfileread.XmlFormatter main
kkkkkkINFO: Adding Crunchify Log line: 226
kkkkkkJun 25, 2020 2:54:32 PM backend.logfileread.XmlFormatter main
kkkkkkINFO: Adding Crunchify Log line: 227
kkkkkkJun 25, 2020 2:54:33 PM backend.logfileread.XmlFormatter main
kkkkkkINFO: Adding Crunchify Log line: 228
kkkkkkJun 25, 2020 2:54:34 PM backend.logfileread.XmlFormatter main
kkkkkkINFO: Adding Crunchify Log line: 229
kkkkkkJun 25, 2020 2:54:35 PM backend.logfileread.XmlFormatter main
kkkkkkINFO: Adding Crunchify Log line: 230
kkkkkkJun 25, 2020 2:54:36 PM backend.logfileread.XmlFormatter main
kkkkkkINFO: Adding Crunchify Log line: 231
kkkkkkJun 25, 2020 2:54:37 PM backend.logfileread.XmlFormatter main
kkkkkkINFO: Adding Crunchify Log line: 232
kkkkkkJun 25, 2020 2:54:38 PM backend.logfileread.XmlFormatter main
kkkkkkINFO: Adding Crunchify Log line: 233
kkkkkkJun 25, 2020 2:54:39 PM backend.logfileread.XmlFormatter main
kkkkkkINFO: Adding Crunchify Log line: 234
kkkkkkJun 25, 2020 2:54:40 PM backend.logfileread.XmlFormatter main
kkkkkkINFO: Adding Crunchify Log line: 235
kkkkkkJun 25, 2020 2:54:41 PM backend.logfileread.XmlFormatter main
kkkkkkINFO: Adding Crunchify Log line: 236
kkkkkkJun 25, 2020 2:54:42 PM backend.logfileread.XmlFormatter main
kkkkkkINFO: Adding Crunchify Log line: 237
kkkkkkJun 25, 2020 2:54:43 PM backend.logfileread.XmlFormatter main
kkkkkkINFO: Adding Crunchify Log line: 238
kkkkkkJun 25, 2020 2:54:44 PM backend.logfileread.XmlFormatter main
kkkkkkINFO: Adding Crunchify Log line: 239
kkkkkkJun 25, 2020 2:54:45 PM backend.logfileread.XmlFormatter main
kkkkkkINFO: Adding Crunchify Log line: 240
kkkkkkJun 25, 2020 2:54:46 PM backend.logfileread.XmlFormatter main
kkkkkkINFO: Adding Crunchify Log line: 241
kkkkkkJun 25, 2020 2:54:47 PM backend.logfileread.XmlFormatter main
kkkkkkINFO: Adding Crunchify Log line: 242
kkkkkkJun 25, 2020 2:54:48 PM backend.logfileread.XmlFormatter main
kkkkkkINFO: Adding Crunchify Log line: 243
kkkkkkJun 25, 2020 2:54:49 PM backend.logfileread.XmlFormatter main
kkkkkkINFO: Adding Crunchify Log line: 244
kkkkkkJun 25, 2020 2:54:50 PM backend.logfileread.XmlFormatter main
kkkkkkINFO: Adding Crunchify Log line: 245
kkkkkkJun 25, 2020 2:54:52 PM backend.logfileread.XmlFormatter main
kkkkkkINFO: Adding Crunchify Log line: 246
kkkkkkJun 25, 2020 2:54:53 PM backend.logfileread.XmlFormatter main
kkkkkkINFO: Adding Crunchify Log line: 247
kkkkkkJun 25, 2020 2:54:54 PM backend.logfileread.XmlFormatter main
kkkkkkINFO: Adding Crunchify Log line: 248
kkkkkkJun 25, 2020 2:54:55 PM backend.logfileread.XmlFormatter main
kkkkkkINFO: Adding Crunchify Log line: 249
kkkkkkJun 25, 2020 2:54:56 PM backend.logfileread.XmlFormatter main
kkkkkkINFO: Adding Crunchify Log line: 250
kkkkkkJun 25, 2020 2:54:57 PM backend.logfileread.XmlFormatter main
kkkkkkINFO: Adding Crunchify Log line: 251
kkkkkkJun 25, 2020 2:54:58 PM backend.logfileread.XmlFormatter main
kkkkkkINFO: Adding Crunchify Log line: 252
kkkkkkJun 25, 2020 2:54:59 PM backend.logfileread.XmlFormatter main
kkkkkkINFO: Adding Crunchify Log line: 253
kkkkkkJun 25, 2020 2:55:00 PM backend.logfileread.XmlFormatter main
kkkkkkINFO: Adding Crunchify Log line: 254
kkkkkkJun 25, 2020 2:55:01 PM backend.logfileread.XmlFormatter main
kkkkkkINFO: Adding Crunchify Log line: 255
kkkkkkJun 25, 2020 2:55:02 PM backend.logfileread.XmlFormatter main
kkkkkkINFO: Adding Crunchify Log line: 256
kkkkkkJun 25, 2020 2:55:03 PM backend.logfileread.XmlFormatter main
kkkkkkINFO: Adding Crunchify Log line: 257
kkkkkkJun 25, 2020 2:55:04 PM backend.logfileread.XmlFormatter main
kkkkkkINFO: Adding Crunchify Log line: 258
kkkkkkJun 25, 2020 2:55:05 PM backend.logfileread.XmlFormatter main
kkkkkkINFO: Adding Crunchify Log line: 259
kkkkkkJun 25, 2020 2:55:06 PM backend.logfileread.XmlFormatter main
kkkkkkINFO: Adding Crunchify Log line: 260
kkkkkkJun 25, 2020 2:55:07 PM backend.logfileread.XmlFormatter main
kkkkkkINFO: Adding Crunchify Log line: 261
kkkkkkJun 25, 2020 2:55:08 PM backend.logfileread.XmlFormatter main
kkkkkkINFO: Adding Crunchify Log line: 262
kkkkkkJun 25, 2020 2:55:09 PM backend.logfileread.XmlFormatter main
kkkkkkINFO: Adding Crunchify Log line: 263
kkkkkkJun 25, 2020 2:55:10 PM backend.logfileread.XmlFormatter main
kkkkkkINFO: Adding Crunchify Log line: 264
kkkkkkJun 25, 2020 2:55:11 PM backend.logfileread.XmlFormatter main
kkkkkkINFO: Adding Crunchify Log line: 265
kkkkkkJun 25, 2020 2:55:12 PM backend.logfileread.XmlFormatter main
kkkkkkINFO: Adding Crunchify Log line: 266
kkkkkkJun 25, 2020 2:55:13 PM backend.logfileread.XmlFormatter main
kkkkkkINFO: Adding Crunchify Log line: 267
kkkkkkJun 25, 2020 2:55:14 PM backend.logfileread.XmlFormatter main
kkkkkkINFO: Adding Crunchify Log line: 268
kkkkkkJun 25, 2020 2:55:15 PM backend.logfileread.XmlFormatter main
kkkkkkINFO: Adding Crunchify Log line: 269
kkkkkkJun 25, 2020 2:55:16 PM backend.logfileread.XmlFormatter main
kkkkkkINFO: Adding Crunchify Log line: 270
kkkkkkJun 25, 2020 2:55:17 PM backend.logfileread.XmlFormatter main
kkkkkkINFO: Adding Crunchify Log line: 271
kkkkkkJun 25, 2020 2:55:18 PM backend.logfileread.XmlFormatter main
kkkkkkINFO: Adding Crunchify Log line: 272
kkkkkkJun 25, 2020 2:55:19 PM backend.logfileread.XmlFormatter main
kkkkkkINFO: Adding Crunchify Log line: 273
kkkkkkJun 25, 2020 2:55:20 PM backend.logfileread.XmlFormatter main
kkkkkkINFO: Adding Crunchify Log line: 274
kkkkkkJun 25, 2020 2:55:21 PM backend.logfileread.XmlFormatter main
kkkkkkINFO: Adding Crunchify Log line: 275
kkkkkkJun 25, 2020 2:55:22 PM backend.logfileread.XmlFormatter main
kkkkkkINFO: Adding Crunchify Log line: 276
kkkkkkJun 25, 2020 2:55:23 PM backend.logfileread.XmlFormatter main
kkkkkkINFO: Adding Crunchify Log line: 277
kkkkkkJun 25, 2020 2:55:24 PM backend.logfileread.XmlFormatter main
kkkkkkINFO: Adding Crunchify Log line: 278
kkkkkkJun 25, 2020 2:55:25 PM backend.logfileread.XmlFormatter main
kkkkkkINFO: Adding Crunchify Log line: 279
kkkkkkJun 25, 2020 2:55:26 PM backend.logfileread.XmlFormatter main
kkkkkkINFO: Adding Crunchify Log line: 280
kkkkkkJun 25, 2020 2:55:27 PM backend.logfileread.XmlFormatter main
kkkkkkINFO: Adding Crunchify Log line: 281
kkkkkkJun 25, 2020 2:55:28 PM backend.logfileread.XmlFormatter main
kkkkkkINFO: Adding Crunchify Log line: 282
kkkkkkJun 25, 2020 2:55:29 PM backend.logfileread.XmlFormatter main
kkkkkkINFO: Adding Crunchify Log line: 283
kkkkkkJun 25, 2020 2:55:30 PM backend.logfileread.XmlFormatter main
kkkkkkINFO: Adding Crunchify Log line: 284
kkkkkkJun 25, 2020 2:55:31 PM backend.logfileread.XmlFormatter main
kkkkkkINFO: Adding Crunchify Log line: 285
kkkkkkJun 25, 2020 2:55:32 PM backend.logfileread.XmlFormatter main
kkkkkkINFO: Adding Crunchify Log line: 286
kkkkkkJun 25, 2020 2:55:33 PM backend.logfileread.XmlFormatter main
kkkkkkINFO: Adding Crunchify Log line: 287
kkkkkkJun 25, 2020 2:55:34 PM backend.logfileread.XmlFormatter main
kkkkkkINFO: Adding Crunchify Log line: 288
kkkkkkJun 25, 2020 2:55:35 PM backend.logfileread.XmlFormatter main
kkkkkkINFO: Adding Crunchify Log line: 289
kkkkkkJun 25, 2020 2:55:36 PM backend.logfileread.XmlFormatter main
kkkkkkINFO: Adding Crunchify Log line: 290
kkkkkkJun 25, 2020 2:55:37 PM backend.logfileread.XmlFormatter main
kkkkkkINFO: Adding Crunchify Log line: 291
kkkkkkJun 25, 2020 2:55:38 PM backend.logfileread.XmlFormatter main
kkkkkkINFO: Adding Crunchify Log line: 292
kkkkkkJun 25, 2020 2:55:39 PM backend.logfileread.XmlFormatter main
kkkkkkINFO: Adding Crunchify Log line: 293
kkkkkkJun 25, 2020 2:55:40 PM backend.logfileread.XmlFormatter main
kkkkkkINFO: Adding Crunchify Log line: 294
kkkkkkJun 25, 2020 2:55:41 PM backend.logfileread.XmlFormatter main
kkkkkkINFO: Adding Crunchify Log line: 295
kkkkkkJun 25, 2020 2:55:42 PM backend.logfileread.XmlFormatter main
kkkkkkINFO: Adding Crunchify Log line: 296
kkkkkkJun 25, 2020 2:55:43 PM backend.logfileread.XmlFormatter main
kkkkkkINFO: Adding Crunchify Log line: 297
kkkkkkJun 25, 2020 2:55:44 PM backend.logfileread.XmlFormatter main
kkkkkkINFO: Adding Crunchify Log line: 298
kkkkkkJun 25, 2020 2:55:45 PM backend.logfileread.XmlFormatter main
kkkkkkINFO: Adding Crunchify Log line: 299
kkkkkkJun 25, 2020 2:55:46 PM backend.logfileread.XmlFormatter main
kkkkkkINFO: Adding Crunchify Log line: 300
kkkkkkJun 25, 2020 2:55:47 PM backend.logfileread.XmlFormatter main
kkkkkkINFO: Adding Crunchify Log line: 301
kkkkkkJun 25, 2020 2:55:48 PM backend.logfileread.XmlFormatter main
kkkkkkINFO: Adding Crunchify Log line: 302
kkkkkkJun 25, 2020 2:55:49 PM backend.logfileread.XmlFormatter main
kkkkkkINFO: Adding Crunchify Log line: 303
kkkkkkJun 25, 2020 2:55:50 PM backend.logfileread.XmlFormatter main
kkkkkkINFO: Adding Crunchify Log line: 304
kkkkkkJun 25, 2020 2:55:51 PM backend.logfileread.XmlFormatter main
kkkkkkINFO: Adding Crunchify Log line: 305
kkkkkkJun 25, 2020 2:55:52 PM backend.logfileread.XmlFormatter main
kkkkkkINFO: Adding Crunchify Log line: 306
kkkkkkJun 25, 2020 2:55:53 PM backend.logfileread.XmlFormatter main
kkkkkkINFO: Adding Crunchify Log line: 307
kkkkkkJun 25, 2020 2:55:54 PM backend.logfileread.XmlFormatter main
kkkkkkINFO: Adding Crunchify Log line: 308
kkkkkkJun 25, 2020 2:55:55 PM backend.logfileread.XmlFormatter main
kkkkkkINFO: Adding Crunchify Log line: 309
kkkkkkJun 25, 2020 2:55:56 PM backend.logfileread.XmlFormatter main
kkkkkkINFO: Adding Crunchify Log line: 310
kkkkkkJun 25, 2020 2:55:57 PM backend.logfileread.XmlFormatter main
kkkkkkINFO: Adding Crunchify Log line: 311
kkkkkkJun 25, 2020 2:55:58 PM backend.logfileread.XmlFormatter main
kkkkkkINFO: Adding Crunchify Log line: 312
kkkkkkJun 25, 2020 2:55:59 PM backend.logfileread.XmlFormatter main
kkkkkkINFO: Adding Crunchify Log line: 313
kkkkkkJun 25, 2020 2:56:00 PM backend.logfileread.XmlFormatter main
kkkkkkINFO: Adding Crunchify Log line: 314
kkkkkkJun 25, 2020 2:56:01 PM backend.logfileread.XmlFormatter main
kkkkkkINFO: Adding Crunchify Log line: 315
kkkkkkJun 25, 2020 2:56:02 PM backend.logfileread.XmlFormatter main
kkkkkkINFO: Adding Crunchify Log line: 316
kkkkkkJun 25, 2020 2:56:03 PM backend.logfileread.XmlFormatter main
kkkkkkINFO: Adding Crunchify Log line: 317
kkkkkkJun 25, 2020 2:56:04 PM backend.logfileread.XmlFormatter main
kkkkkkINFO: Adding Crunchify Log line: 318
kkkkkkJun 25, 2020 2:56:05 PM backend.logfileread.XmlFormatter main
kkkkkkINFO: Adding Crunchify Log line: 319
kkkkkkJun 25, 2020 2:56:06 PM backend.logfileread.XmlFormatter main
kkkkkkINFO: Adding Crunchify Log line: 320
kkkkkkJun 25, 2020 2:56:07 PM backend.logfileread.XmlFormatter main
kkkkkkINFO: Adding Crunchify Log line: 321
kkkkkkJun 25, 2020 2:56:08 PM backend.logfileread.XmlFormatter main
kkkkkkINFO: Adding Crunchify Log line: 322
kkkkkkJun 25, 2020 2:56:09 PM backend.logfileread.XmlFormatter main
kkkkkkINFO: Adding Crunchify Log line: 323
kkkkkkJun 25, 2020 2:56:10 PM backend.logfileread.XmlFormatter main
kkkkkkINFO: Adding Crunchify Log line: 324
kkkkkkJun 25, 2020 2:56:11 PM backend.logfileread.XmlFormatter main
kkkkkkINFO: Adding Crunchify Log line: 325
kkkkkkJun 25, 2020 2:56:12 PM backend.logfileread.XmlFormatter main
kkkkkkINFO: Adding Crunchify Log line: 326
kkkkkkJun 25, 2020 2:56:13 PM backend.logfileread.XmlFormatter main
kkkkkkINFO: Adding Crunchify Log line: 327
kkkkkkJun 25, 2020 2:56:14 PM backend.logfileread.XmlFormatter main
kkkkkkINFO: Adding Crunchify Log line: 328
kkkkkkJun 25, 2020 2:56:15 PM backend.logfileread.XmlFormatter main
kkkkkkINFO: Adding Crunchify Log line: 329
kkkkkkJun 25, 2020 2:56:16 PM backend.logfileread.XmlFormatter main
kkkkkkINFO: Adding Crunchify Log line: 330
kkkkkkJun 25, 2020 2:56:17 PM backend.logfileread.XmlFormatter main
kkkkkkINFO: Adding Crunchify Log line: 331
kkkkkkJun 25, 2020 2:56:18 PM backend.logfileread.XmlFormatter main
kkkkkkINFO: Adding Crunchify Log line: 332
kkkkkkJun 25, 2020 2:56:19 PM backend.logfileread.XmlFormatter main
kkkkkkINFO: Adding Crunchify Log line: 333
kkkkkkJun 25, 2020 2:56:20 PM backend.logfileread.XmlFormatter main
kkkkkkINFO: Adding Crunchify Log line: 334
kkkkkkJun 25, 2020 2:56:21 PM backend.logfileread.XmlFormatter main
kkkkkkINFO: Adding Crunchify Log line: 335
kkkkkkJun 25, 2020 2:56:22 PM backend.logfileread.XmlFormatter main
kkkkkkINFO: Adding Crunchify Log line: 336
kkkkkkJun 25, 2020 2:56:23 PM backend.logfileread.XmlFormatter main
kkkkkkINFO: Adding Crunchify Log line: 337
kkkkkkJun 25, 2020 2:56:24 PM backend.logfileread.XmlFormatter main
kkkkkkINFO: Adding Crunchify Log line: 338
kkkkkkJun 25, 2020 2:56:25 PM backend.logfileread.XmlFormatter main
kkkkkkINFO: Adding Crunchify Log line: 339
kkkkkkJun 25, 2020 2:56:26 PM backend.logfileread.XmlFormatter main
kkkkkkINFO: Adding Crunchify Log line: 340
kkkkkkJun 25, 2020 2:56:27 PM backend.logfileread.XmlFormatter main
kkkkkkINFO: Adding Crunchify Log line: 341
kkkkkkJun 25, 2020 2:56:28 PM backend.logfileread.XmlFormatter main
kkkkkkINFO: Adding Crunchify Log line: 342
kkkkkkJun 25, 2020 2:56:29 PM backend.logfileread.XmlFormatter main
kkkkkkINFO: Adding Crunchify Log line: 343
kkkkkkJun 25, 2020 2:56:30 PM backend.logfileread.XmlFormatter main
kkkkkkINFO: Adding Crunchify Log line: 344
kkkkkkJun 25, 2020 2:56:31 PM backend.logfileread.XmlFormatter main
kkkkkkINFO: Adding Crunchify Log line: 345
kkkkkkJun 25, 2020 2:56:32 PM backend.logfileread.XmlFormatter main
kkkkkkINFO: Adding Crunchify Log line: 346
kkkkkkJun 25, 2020 2:56:33 PM backend.logfileread.XmlFormatter main
kkkkkkINFO: Adding Crunchify Log line: 347
kkkkkkJun 25, 2020 2:56:34 PM backend.logfileread.XmlFormatter main
kkkkkkINFO: Adding Crunchify Log line: 348
kkkkkkJun 25, 2020 2:56:35 PM backend.logfileread.XmlFormatter main
kkkkkkINFO: Adding Crunchify Log line: 349
kkkkkkJun 25, 2020 2:56:36 PM backend.logfileread.XmlFormatter main
kkkkkkINFO: Adding Crunchify Log line: 350
kkkkkkJun 25, 2020 2:56:37 PM backend.logfileread.XmlFormatter main
kkkkkkINFO: Adding Crunchify Log line: 351
kkkkkkJun 25, 2020 2:56:38 PM backend.logfileread.XmlFormatter main
kkkkkkINFO: Adding Crunchify Log line: 352
kkkkkkJun 25, 2020 2:56:39 PM backend.logfileread.XmlFormatter main
kkkkkkINFO: Adding Crunchify Log line: 353
kkkkkkJun 25, 2020 2:56:40 PM backend.logfileread.XmlFormatter main
kkkkkkINFO: Adding Crunchify Log line: 354
kkkkkkJun 25, 2020 2:56:41 PM backend.logfileread.XmlFormatter main
kkkkkkINFO: Adding Crunchify Log line: 355
kkkkkkJun 25, 2020 2:56:42 PM backend.logfileread.XmlFormatter main
kkkkkkINFO: Adding Crunchify Log line: 356
kkkkkkJun 25, 2020 2:56:43 PM backend.logfileread.XmlFormatter main
kkkkkkINFO: Adding Crunchify Log line: 357
kkkkkkJun 25, 2020 2:56:44 PM backend.logfileread.XmlFormatter main
kkkkkkINFO: Adding Crunchify Log line: 358
kkkkkkJun 25, 2020 2:56:45 PM backend.logfileread.XmlFormatter main
kkkkkkINFO: Adding Crunchify Log line: 359
kkkkkkJun 25, 2020 2:56:46 PM backend.logfileread.XmlFormatter main
kkkkkkINFO: Adding Crunchify Log line: 360
kkkkkkJun 25, 2020 2:56:47 PM backend.logfileread.XmlFormatter main
kkkkkkINFO: Adding Crunchify Log line: 361
kkkkkkJun 25, 2020 2:56:48 PM backend.logfileread.XmlFormatter main
kkkkkkINFO: Adding Crunchify Log line: 362
kkkkkkJun 25, 2020 2:56:49 PM backend.logfileread.XmlFormatter main
kkkkkkINFO: Adding Crunchify Log line: 363
kkkkkkJun 25, 2020 2:56:50 PM backend.logfileread.XmlFormatter main
kkkkkkINFO: Adding Crunchify Log line: 364
kkkkkkJun 25, 2020 2:56:51 PM backend.logfileread.XmlFormatter main
kkkkkkINFO: Adding Crunchify Log line: 365
kkkkkkJun 25, 2020 2:56:52 PM backend.logfileread.XmlFormatter main
kkkkkkINFO: Adding Crunchify Log line: 366
kkkkkkJun 25, 2020 2:56:53 PM backend.logfileread.XmlFormatter main
kkkkkkINFO: Adding Crunchify Log line: 367
kkkkkkJun 25, 2020 2:56:54 PM backend.logfileread.XmlFormatter main
kkkkkkINFO: Adding Crunchify Log line: 368
kkkkkkJun 25, 2020 2:56:55 PM backend.logfileread.XmlFormatter main
kkkkkkINFO: Adding Crunchify Log line: 369
kkkkkkJun 25, 2020 2:56:56 PM backend.logfileread.XmlFormatter main
kkkkkkINFO: Adding Crunchify Log line: 370
kkkkkkJun 25, 2020 2:56:57 PM backend.logfileread.XmlFormatter main
kkkkkkINFO: Adding Crunchify Log line: 371
kkkkkkJun 25, 2020 2:56:58 PM backend.logfileread.XmlFormatter main
kkkkkkINFO: Adding Crunchify Log line: 372
kkkkkkJun 25, 2020 2:56:59 PM backend.logfileread.XmlFormatter main
kkkkkkINFO: Adding Crunchify Log line: 373
kkkkkkJun 25, 2020 2:57:00 PM backend.logfileread.XmlFormatter main
kkkkkkINFO: Adding Crunchify Log line: 374
kkkkkkJun 25, 2020 2:57:01 PM backend.logfileread.XmlFormatter main
kkkkkkINFO: Adding Crunchify Log line: 375
kkkkkkJun 25, 2020 2:57:02 PM backend.logfileread.XmlFormatter main
kkkkkkINFO: Adding Crunchify Log line: 376
kkkkkkJun 25, 2020 2:57:03 PM backend.logfileread.XmlFormatter main
kkkkkkINFO: Adding Crunchify Log line: 377
kkkkkkJun 25, 2020 2:57:04 PM backend.logfileread.XmlFormatter main
kkkkkkINFO: Adding Crunchify Log line: 378
kkkkkkJun 25, 2020 2:57:05 PM backend.logfileread.XmlFormatter main
kkkkkkINFO: Adding Crunchify Log line: 379
kkkkkkJun 25, 2020 2:57:06 PM backend.logfileread.XmlFormatter main
kkkkkkINFO: Adding Crunchify Log line: 380
kkkkkkJun 25, 2020 2:57:07 PM backend.logfileread.XmlFormatter main
kkkkkkINFO: Adding Crunchify Log line: 381
kkkkkkJun 25, 2020 2:57:08 PM backend.logfileread.XmlFormatter main
kkkkkkINFO: Adding Crunchify Log line: 382
kkkkkkJun 25, 2020 2:57:09 PM backend.logfileread.XmlFormatter main
kkkkkkINFO: Adding Crunchify Log line: 383
kkkkkkJun 25, 2020 2:57:10 PM backend.logfileread.XmlFormatter main
kkkkkkINFO: Adding Crunchify Log line: 384
kkkkkkJun 25, 2020 2:57:11 PM backend.logfileread.XmlFormatter main
kkkkkkINFO: Adding Crunchify Log line: 385
kkkkkkJun 25, 2020 2:57:12 PM backend.logfileread.XmlFormatter main
kkkkkkINFO: Adding Crunchify Log line: 386
kkkkkkJun 25, 2020 2:57:13 PM backend.logfileread.XmlFormatter main
kkkkkkINFO: Adding Crunchify Log line: 387
kkkkkkJun 25, 2020 2:57:14 PM backend.logfileread.XmlFormatter main
kkkkkkINFO: Adding Crunchify Log line: 388
kkkkkkJun 25, 2020 2:57:15 PM backend.logfileread.XmlFormatter main
kkkkkkINFO: Adding Crunchify Log line: 389
kkkkkk<?xml version="1.0" encoding="UTF-8" standalone="no"?>
kkkkkk<!DOCTYPE log SYSTEM "logger.dtd">
kkkkkk<log>
kkkkkk<record>
kkkkkk  <date>2020-06-25T09:31:44.428493400Z</date>
kkkkkk  <millis>1593077504428</millis>
kkkkkk  <nanos>493400</nanos>
kkkkkk  <sequence>0</sequence>
kkkkkk  <logger>Log</logger>
kkkkkk  <level>INFO</level>
kkkkkk  <class>backend.logfileread.XmlFormatter</class>
kkkkkk  <method>main</method>
kkkkkk  <thread>1</thread>
kkkkkk  <message>Adding Crunchify Log line: 1</message>
kkkkkk</record>
kkkkkk<record>
kkkkkk  <date>2020-06-25T09:31:45.540498100Z</date>
kkkkkk  <millis>1593077505540</millis>
kkkkkk  <nanos>498100</nanos>
kkkkkk  <sequence>1</sequence>
kkkkkk  <logger>Log</logger>
kkkkkk  <level>INFO</level>
kkkkkk  <class>backend.logfileread.XmlFormatter</class>
kkkkkk  <method>main</method>
kkkkkk  <thread>1</thread>
kkkkkk  <message>Adding Crunchify Log line: 2</message>
kkkkkk</record>
kkkkkk<record>
kkkkkk  <date>2020-06-25T09:31:46.543497800Z</date>
kkkkkk  <millis>1593077506543</millis>
kkkkkk  <nanos>497800</nanos>
kkkkkk  <sequence>2</sequence>
kkkkkk  <logger>Log</logger>
kkkkkk  <level>INFO</level>
kkkkkk  <class>backend.logfileread.XmlFormatter</class>
kkkkkk  <method>main</method>
kkkkkk  <thread>1</thread>
kkkkkk  <message>Adding Crunchify Log line: 3</message>
kkkkkk</record>
kkkkkk<record>
kkkkkk  <date>2020-06-25T09:31:47.545123600Z</date>
kkkkkk  <millis>1593077507545</millis>
kkkkkk  <nanos>123600</nanos>
kkkkkk  <sequence>3</sequence>
kkkkkk  <logger>Log</logger>
kkkkkk  <level>INFO</level>
kkkkkk  <class>backend.logfileread.XmlFormatter</class>
kkkkkk  <method>main</method>
kkkkkk  <thread>1</thread>
kkkkkk  <message>Adding Crunchify Log line: 4</message>
kkkkkk</record>
kkkkkk<record>
kkkkkk  <date>2020-06-25T09:31:48.546318200Z</date>
kkkkkk  <millis>1593077508546</millis>
kkkkkk  <nanos>318200</nanos>
kkkkkk  <sequence>4</sequence>
kkkkkk  <logger>Log</logger>
kkkkkk  <level>INFO</level>
kkkkkk  <class>backend.logfileread.XmlFormatter</class>
kkkkkk  <method>main</method>
kkkkkk  <thread>1</thread>
kkkkkk  <message>Adding Crunchify Log line: 5</message>
kkkkkk</record>
kkkkkk<record>
kkkkkk  <date>2020-06-25T09:31:49.547332100Z</date>
kkkkkk  <millis>1593077509547</millis>
kkkkkk  <nanos>332100</nanos>
kkkkkk  <sequence>5</sequence>
kkkkkk  <logger>Log</logger>
kkkkkk  <level>INFO</level>
kkkkkk  <class>backend.logfileread.XmlFormatter</class>
kkkkkk  <method>main</method>
kkkkkk  <thread>1</thread>
kkkkkk  <message>Adding Crunchify Log line: 6</message>
kkkkkk</record>
kkkkkk<record>
kkkkkk  <date>2020-06-25T09:31:50.556871700Z</date>
kkkkkk  <millis>1593077510556</millis>
kkkkkk  <nanos>871700</nanos>
kkkkkk  <sequence>6</sequence>
kkkkkk  <logger>Log</logger>
kkkkkk  <level>INFO</level>
kkkkkk  <class>backend.logfileread.XmlFormatter</class>
kkkkkk  <method>main</method>
kkkkkk  <thread>1</thread>
kkkkkk  <message>Adding Crunchify Log line: 7</message>
kkkkkk</record>
kkkkkk<record>
kkkkkk  <date>2020-06-25T09:31:51.557015700Z</date>
kkkkkk  <millis>1593077511557</millis>
kkkkkk  <nanos>15700</nanos>
kkkkkk  <sequence>7</sequence>
kkkkkk  <logger>Log</logger>
kkkkkk  <level>INFO</level>
kkkkkk  <class>backend.logfileread.XmlFormatter</class>
kkkkkk  <method>main</method>
kkkkkk  <thread>1</thread>
kkkkkk  <message>Adding Crunchify Log line: 8</message>
kkkkkk</record>
kkkkkk<record>
kkkkkk  <date>2020-06-25T09:31:52.561691600Z</date>
kkkkkk  <millis>1593077512561</millis>
kkkkkk  <nanos>691600</nanos>
kkkkkk  <sequence>8</sequence>
kkkkkk  <logger>Log</logger>
kkkkkk  <level>INFO</level>
kkkkkk  <class>backend.logfileread.XmlFormatter</class>
kkkkkk  <method>main</method>
kkkkkk  <thread>1</thread>
kkkkkk  <message>Adding Crunchify Log line: 9</message>
kkkkkk</record>
kkkkkk<record>
kkkkkk  <date>2020-06-25T09:31:53.562905Z</date>
kkkkkk  <millis>1593077513562</millis>
kkkkkk  <nanos>905000</nanos>
kkkkkk  <sequence>9</sequence>
kkkkkk  <logger>Log</logger>
kkkkkk  <level>INFO</level>
kkkkkk  <class>backend.logfileread.XmlFormatter</class>
kkkkkk  <method>main</method>
kkkkkk  <thread>1</thread>
kkkkkk  <message>Adding Crunchify Log line: 10</message>
kkkkkk</record>
kkkkkk<record>
kkkkkk  <date>2020-06-25T09:31:54.567442800Z</date>
kkkkkk  <millis>1593077514567</millis>
kkkkkk  <nanos>442800</nanos>
kkkkkk  <sequence>10</sequence>
kkkkkk  <logger>Log</logger>
kkkkkk  <level>INFO</level>
kkkkkk  <class>backend.logfileread.XmlFormatter</class>
kkkkkk  <method>main</method>
kkkkkk  <thread>1</thread>
kkkkkk  <message>Adding Crunchify Log line: 11</message>
kkkkkk</record>
kkkkkk<record>
kkkkkk  <date>2020-06-25T09:31:55.571775600Z</date>
kkkkkk  <millis>1593077515571</millis>
kkkkkk  <nanos>775600</nanos>
kkkkkk  <sequence>11</sequence>
kkkkkk  <logger>Log</logger>
kkkkkk  <level>INFO</level>
kkkkkk  <class>backend.logfileread.XmlFormatter</class>
kkkkkk  <method>main</method>
kkkkkk  <thread>1</thread>
kkkkkk  <message>Adding Crunchify Log line: 12</message>
kkkkkk</record>
kkkkkk<record>
kkkkkk  <date>2020-06-25T09:31:56.579937100Z</date>
kkkkkk  <millis>1593077516579</millis>
kkkkkk  <nanos>937100</nanos>
kkkkkk  <sequence>12</sequence>
kkkkkk  <logger>Log</logger>
kkkkkk  <level>INFO</level>
kkkkkk  <class>backend.logfileread.XmlFormatter</class>
kkkkkk  <method>main</method>
kkkkkk  <thread>1</thread>
kkkkkk  <message>Adding Crunchify Log line: 13</message>
kkkkkk</record>
kkkkkk<record>
kkkkkk  <date>2020-06-25T09:31:57.585141100Z</date>
kkkkkk  <millis>1593077517585</millis>
kkkkkk  <nanos>141100</nanos>
kkkkkk  <sequence>13</sequence>
kkkkkk  <logger>Log</logger>
kkkkkk  <level>INFO</level>
kkkkkk  <class>backend.logfileread.XmlFormatter</class>
kkkkkk  <method>main</method>
kkkkkk  <thread>1</thread>
kkkkkk  <message>Adding Crunchify Log line: 14</message>
kkkkkk</record>
kkkkkk<record>
kkkkkk  <date>2020-06-25T09:31:58.588241400Z</date>
kkkkkk  <millis>1593077518588</millis>
kkkkkk  <nanos>241400</nanos>
kkkkkk  <sequence>14</sequence>
kkkkkk  <logger>Log</logger>
kkkkkk  <level>INFO</level>
kkkkkk  <class>backend.logfileread.XmlFormatter</class>
kkkkkk  <method>main</method>
kkkkkk  <thread>1</thread>
kkkkkk  <message>Adding Crunchify Log line: 15</message>
kkkkkk</record>
kkkkkk<record>
kkkkkk  <date>2020-06-25T09:31:59.593245700Z</date>
kkkkkk  <millis>1593077519593</millis>
kkkkkk  <nanos>245700</nanos>
kkkkkk  <sequence>15</sequence>
kkkkkk  <logger>Log</logger>
kkkkkk  <level>INFO</level>
kkkkkk  <class>backend.logfileread.XmlFormatter</class>
kkkkkk  <method>main</method>
kkkkkk  <thread>1</thread>
kkkkkk  <message>Adding Crunchify Log line: 16</message>
kkkkkk</record>
kkkkkk<record>
kkkkkk  <date>2020-06-25T09:32:00.602913300Z</date>
kkkkkk  <millis>1593077520602</millis>
kkkkkk  <nanos>913300</nanos>
kkkkkk  <sequence>16</sequence>
kkkkkk  <logger>Log</logger>
kkkkkk  <level>INFO</level>
kkkkkk  <class>backend.logfileread.XmlFormatter</class>
kkkkkk  <method>main</method>
kkkkkk  <thread>1</thread>
kkkkkk  <message>Adding Crunchify Log line: 17</message>
kkkkkk</record>
kkkkkk<record>
kkkkkk  <date>2020-06-25T09:32:01.603494800Z</date>
kkkkkk  <millis>1593077521603</millis>
kkkkkk  <nanos>494800</nanos>
kkkkkk  <sequence>17</sequence>
kkkkkk  <logger>Log</logger>
kkkkkk  <level>INFO</level>
kkkkkk  <class>backend.logfileread.XmlFormatter</class>
kkkkkk  <method>main</method>
kkkkkk  <thread>1</thread>
kkkkkk  <message>Adding Crunchify Log line: 18</message>
kkkkkk</record>
kkkkkk<record>
kkkkkk  <date>2020-06-25T09:32:02.604623200Z</date>
kkkkkk  <millis>1593077522604</millis>
kkkkkk  <nanos>623200</nanos>
kkkkkk  <sequence>18</sequence>
kkkkkk  <logger>Log</logger>
kkkkkk  <level>INFO</level>
kkkkkk  <class>backend.logfileread.XmlFormatter</class>
kkkkkk  <method>main</method>
kkkkkk  <thread>1</thread>
kkkkkk  <message>Adding Crunchify Log line: 19</message>
kkkkkk</record>
kkkkkk<record>
kkkkkk  <date>2020-06-25T09:32:03.607713800Z</date>
kkkkkk  <millis>1593077523607</millis>
kkkkkk  <nanos>713800</nanos>
kkkkkk  <sequence>19</sequence>
kkkkkk  <logger>Log</logger>
kkkkkk  <level>INFO</level>
kkkkkk  <class>backend.logfileread.XmlFormatter</class>
kkkkkk  <method>main</method>
kkkkkk  <thread>1</thread>
kkkkkk  <message>Adding Crunchify Log line: 20</message>
kkkkkk</record>
kkkkkk<record>
kkkkkk  <date>2020-06-25T09:32:04.608983400Z</date>
kkkkkk  <millis>1593077524608</millis>
kkkkkk  <nanos>983400</nanos>
kkkkkk  <sequence>20</sequence>
kkkkkk  <logger>Log</logger>
kkkkkk  <level>INFO</level>
kkkkkk  <class>backend.logfileread.XmlFormatter</class>
kkkkkk  <method>main</method>
kkkkkk  <thread>1</thread>
kkkkkk  <message>Adding Crunchify Log line: 21</message>
kkkkkk</record>
kkkkkk<record>
kkkkkk  <date>2020-06-25T09:32:05.610183600Z</date>
kkkkkk  <millis>1593077525610</millis>
kkkkkk  <nanos>183600</nanos>
kkkkkk  <sequence>21</sequence>
kkkkkk  <logger>Log</logger>
kkkkkk  <level>INFO</level>
kkkkkk  <class>backend.logfileread.XmlFormatter</class>
kkkkkk  <method>main</method>
kkkkkk  <thread>1</thread>
kkkkkk  <message>Adding Crunchify Log line: 22</message>
kkkkkk</record>
kkkkkk<record>
kkkkkk  <date>2020-06-25T09:32:06.611619300Z</date>
kkkkkk  <millis>1593077526611</millis>
kkkkkk  <nanos>619300</nanos>
kkkkkk  <sequence>22</sequence>
kkkkkk  <logger>Log</logger>
kkkkkk  <level>INFO</level>
kkkkkk  <class>backend.logfileread.XmlFormatter</class>
kkkkkk  <method>main</method>
kkkkkk  <thread>1</thread>
kkkkkk  <message>Adding Crunchify Log line: 23</message>
kkkkkk</record>
kkkkkk<record>
kkkkkk  <date>2020-06-25T09:32:07.613071500Z</date>
kkkkkk  <millis>1593077527613</millis>
kkkkkk  <nanos>71500</nanos>
kkkkkk  <sequence>23</sequence>
kkkkkk  <logger>Log</logger>
kkkkkk  <level>INFO</level>
kkkkkk  <class>backend.logfileread.XmlFormatter</class>
kkkkkk  <method>main</method>
kkkkkk  <thread>1</thread>
kkkkkk  <message>Adding Crunchify Log line: 24</message>
kkkkkk</record>
kkkkkk